💓 FACULTYLBB (ID:3) [HBMonDyn]: Monitor de Heartbeats Dinámico iniciado.
ℹ️ FACULTYLBB (ID:3) [Main]: Esperando que el HB monitor dinámico establezca un endpoint (3s)...
💓 FACULTYLBB (ID:3) [HBMonDyn]: Servidor ACTIVO cambiado a: tcp://10.43.96.50:5555

🏫 Facultad LBB 'Facultad_3' (ID=3) lista en tcp://*:6002 (con selección dinámica de servidor)

ℹ️ FACULTYLBB (ID:3): SOL (tx:8454c681) Prog:'Prog_3_1' (Sal:10,Lab:4).
📨 FACULTYLBB (ID:3): Enviando a Servidor: tcp://10.43.96.50:5555 (TX:8454c681)
⏱️ FACULTYLBB (ID:3): Métrica 'sol_prop_roundtrip' (tx:8454c681): 11.59 ms.
📦 FACULTYLBB (ID:3): PROP (tx:8454c681) recibida. Enviando ACK.
⏱️ FACULTYLBB (ID:3): Métrica 'ack_res_roundtrip' (tx:8454c681): 10.88 ms.
📤 FACULTYLBB (ID:3): RES (tx:8454c681, status:ACCEPTED) recibida.
📊 FACULTYLBB (ID:3): Métrica 'faculty_processing_total_ms' (tx:8454c681): 87.55 ms.

ℹ️ FACULTYLBB (ID:3): SOL (tx:ee01fa42) Prog:'Prog_3_2' (Sal:10,Lab:4).
📨 FACULTYLBB (ID:3): Enviando a Servidor: tcp://10.43.96.50:5555 (TX:ee01fa42)
⏱️ FACULTYLBB (ID:3): Métrica 'sol_prop_roundtrip' (tx:ee01fa42): 9.90 ms.
📦 FACULTYLBB (ID:3): PROP (tx:ee01fa42) recibida. Enviando ACK.
⏱️ FACULTYLBB (ID:3): Métrica 'ack_res_roundtrip' (tx:ee01fa42): 10.32 ms.
📤 FACULTYLBB (ID:3): RES (tx:ee01fa42, status:ACCEPTED) recibida.
📊 FACULTYLBB (ID:3): Métrica 'faculty_processing_total_ms' (tx:ee01fa42): 80.85 ms.

ℹ️ FACULTYLBB (ID:3): SOL (tx:9894d5c1) Prog:'Prog_3_3' (Sal:10,Lab:4).
📨 FACULTYLBB (ID:3): Enviando a Servidor: tcp://10.43.96.50:5555 (TX:9894d5c1)
⏱️ FACULTYLBB (ID:3): Métrica 'sol_prop_roundtrip' (tx:9894d5c1): 10.47 ms.
📦 FACULTYLBB (ID:3): PROP (tx:9894d5c1) recibida. Enviando ACK.
⏱️ FACULTYLBB (ID:3): Métrica 'ack_res_roundtrip' (tx:9894d5c1): 12.54 ms.
📤 FACULTYLBB (ID:3): RES (tx:9894d5c1, status:ACCEPTED) recibida.
📊 FACULTYLBB (ID:3): Métrica 'faculty_processing_total_ms' (tx:9894d5c1): 92.90 ms.

ℹ️ FACULTYLBB (ID:3): SOL (tx:972dfabd) Prog:'Prog_3_4' (Sal:10,Lab:4).
📨 FACULTYLBB (ID:3): Enviando a Servidor: tcp://10.43.96.50:5555 (TX:972dfabd)
⏱️ FACULTYLBB (ID:3): Métrica 'sol_prop_roundtrip' (tx:972dfabd): 13.70 ms.
📦 FACULTYLBB (ID:3): PROP (tx:972dfabd) recibida. Enviando ACK.
⏱️ FACULTYLBB (ID:3): Métrica 'ack_res_roundtrip' (tx:972dfabd): 12.58 ms.
📤 FACULTYLBB (ID:3): RES (tx:972dfabd, status:ACCEPTED) recibida.
📊 FACULTYLBB (ID:3): Métrica 'faculty_processing_total_ms' (tx:972dfabd): 91.48 ms.

ℹ️ FACULTYLBB (ID:3): SOL (tx:949b9a0d) Prog:'Prog_3_5' (Sal:10,Lab:4).
📨 FACULTYLBB (ID:3): Enviando a Servidor: tcp://10.43.96.50:5555 (TX:949b9a0d)
⏱️ FACULTYLBB (ID:3): Métrica 'sol_prop_roundtrip' (tx:949b9a0d): 15.77 ms.
📦 FACULTYLBB (ID:3): PROP (tx:949b9a0d) recibida. Enviando ACK.
⏱️ FACULTYLBB (ID:3): Métrica 'ack_res_roundtrip' (tx:949b9a0d): 8.65 ms.
📤 FACULTYLBB (ID:3): RES (tx:949b9a0d, status:ACCEPTED) recibida.
📊 FACULTYLBB (ID:3): Métrica 'faculty_processing_total_ms' (tx:949b9a0d): 88.32 ms.
💓 FACULTYLBB (ID:3) [HBMonDyn]: NINGÚN servidor activo detectado.
💓 FACULTYLBB (ID:3) [HBMonDyn]: Servidor ACTIVO cambiado a: tcp://10.43.96.50:5555
💓 FACULTYLBB (ID:3) [HBMonDyn]: NINGÚN servidor activo detectado.
💓 FACULTYLBB (ID:3) [HBMonDyn]: Servidor ACTIVO cambiado a: tcp://10.43.96.50:5555

ℹ️ FACULTYLBB (ID:3): SOL (tx:14079c9b) Prog:'Prog_3_1' (Sal:10,Lab:4).
📨 FACULTYLBB (ID:3): Enviando a Servidor: tcp://10.43.96.50:5555 (TX:14079c9b)
❗ FACULTYLBB (ID:3): Timeout (RCVTIMEO) comunicando con servidor tcp://10.43.96.50:5555 (TX:14079c9b): Resource temporarily unavailable
Facultad LBB terminada.
Traceback (most recent call last):
  File "/home/estudiante/Documents/ProyectoMetricas/facultylbb.py", line 257, in <module>
    main()
  File "/home/estudiante/Documents/ProyectoMetricas/facultylbb.py", line 253, in main
    main_faculty_loop_dynamic_server(args, ctx)
  File "/home/estudiante/Documents/ProyectoMetricas/facultylbb.py", line 230, in main_faculty_loop_dynamic_server
    record_event_metric(kind="faculty_processing_total_ms",value=processing_time_faculty_ms,src=f"FacultadLBB:{args.faculty_id}",dst=f"Programa:{prog_name}")
  File "/home/estudiante/Documents/ProyectoMetricas/datastore.py", line 180, in record_event_metric
    conn.execute(
sqlite3.OperationalError: attempt to write a readonly database
